<?xml version="1.0" encoding="UTF-8"?>
<!-- Generated by org.testng.reporters.JUnitReportReporter -->
<testsuite hostname="DESKTOP-EK47NNV" failures="0" tests="1" name="com.OrangeHRM.TestCases.OrgangeHRM" time="13.983" errors="0" timestamp="26 May 2022 17:49:10 GMT" skipped="0">
  <testcase classname="com.OrangeHRM.TestCases.OrgangeHRM" name="loginHRM" time="13.983"/>
</testsuite> <!-- com.OrangeHRM.TestCases.OrgangeHRM -->
